1585291360 | /files2/ | index.php
1585291362 | /files2/index.php | files2
1585291364 | /files2/index.php?id=contact | index.php
1585291365 | /files2/index.php?id=about | index.php?id=contact
1585291366 | /files2/index.php?id=info | index.php?id=about
1585291369 | /files2/ | index.php
1585291370 | /files2/index.php?id=log | files2
1585291781 | /files2/index.php?id=log | files2
1585317541 | /files2/ | 
1585317561 | /files2/ | 
1585377227 | /files2/ | 
1585377231 | /files2/index.php?id=gbook | files2
1585377237 | /files2/index.php?id=gbook | files2
1585377238 | /files2/index.php?id=gbook | files2
1585377240 | /files2/index.php?id=gbook | files2
1585377241 | /files2/index.php?id=gbook | files2
1585377242 | /files2/index.php?id=gbook | files2
1585459872 | /files2/ | 
1585459876 | /files2/index.php?id=gbook | files2
1585460863 | /files2/index.php?id=gbook | files2
1585460870 | /files2/index.php?id=gbook | index.php?id=gbook
1585460884 | /files2/index.php?id=gbook | index.php?id=gbook
1585546954 | /files2/ | 
1585546958 | /files2/index.php?id=gbook | files2
1585547150 | /files2/index.php?id=gbook | index.php?id=gbook
1585547225 | /files2/index.php?id=gbook | index.php?id=gbook
1585551241 | /files2/ | 
1585555678 | /files2/ | index.php
1585555682 | /files2/index.php?id=gbook | files2
1585571354 | /files2/ | 
1585578618 | /files2/ | 
1585578621 | /files2/index.php?id=gbook | files2
1585578635 | /files2/index.php?id=gbook&del=4 | index.php?id=gbook
1585578640 | /files2/index.php?id=gbook&del=4 | index.php?id=gbook&del=4
1585579061 | /files2/index.php?id=gbook&del=4 | index.php?id=gbook&del=4
1585579063 | /files2/index.php?id=gbook&del=6 | index.php?id=gbook&del=4
1585579065 | /files2/index.php?id=gbook&del=5 | index.php?id=gbook&del=6
1585579067 | /files2/index.php?id=gbook&del=3 | index.php?id=gbook&del=5
1585579261 | /files2/index.php?id=gbook&del=3 | index.php?id=gbook&del=5
1585579265 | /files2/index.php?id=gbook&del=3 | index.php?id=gbook&del=3
1585579272 | /files2/index.php?id=gbook&del=2 | index.php?id=gbook&del=3
1585579274 | /files2/index.php?id=gbook&del=1 | index.php?id=gbook&del=2
